  Source.c
C:\Users\joloc\source\repos\Lab8\Zad2.h(12,24): warning C4047: 'initializing': 'int' differs in levels of indirection from 'void *'
  (compiling source file 'Source.c')
  
C:\Users\joloc\source\repos\Lab8\Zad3.h(15,2): warning C4013: 'gets' undefined; assuming extern returning int
  (compiling source file 'Source.c')
  
C:\Users\joloc\source\repos\Lab8\Zad3.h(19,43): warning C4474: 'printf' : too many arguments passed for format string
  (compiling source file 'Source.c')
      C:\Users\joloc\source\repos\Lab8\Zad3.h(19,43):
      placeholders and their parameters expect 0 variadic arguments, but 1 were provided
  
C:\Users\joloc\source\repos\Lab8\Zad3.h(25,45): warning C4474: 'printf' : too many arguments passed for format string
  (compiling source file 'Source.c')
      C:\Users\joloc\source\repos\Lab8\Zad3.h(25,45):
      placeholders and their parameters expect 0 variadic arguments, but 1 were provided
  
C:\Users\joloc\source\repos\Lab8\Zad3.h(39,43): warning C4474: 'printf' : too many arguments passed for format string
  (compiling source file 'Source.c')
      C:\Users\joloc\source\repos\Lab8\Zad3.h(39,43):
      placeholders and their parameters expect 0 variadic arguments, but 1 were provided
  
C:\Users\joloc\source\repos\Lab8\Zad3.h(58,45): warning C4474: 'printf' : too many arguments passed for format string
  (compiling source file 'Source.c')
      C:\Users\joloc\source\repos\Lab8\Zad3.h(58,45):
      placeholders and their parameters expect 0 variadic arguments, but 1 were provided
  
C:\Users\joloc\source\repos\Lab8\Zad3.h(66,2): warning C4098: 'Zad3': 'void' function returning a value
  (compiling source file 'Source.c')
  
C:\Users\joloc\source\repos\Lab8\Zad4.h(14,43): warning C4474: 'printf' : too many arguments passed for format string
  (compiling source file 'Source.c')
      C:\Users\joloc\source\repos\Lab8\Zad4.h(14,43):
      placeholders and their parameters expect 0 variadic arguments, but 1 were provided
  
C:\Users\joloc\source\repos\Lab8\Zad4.h(69,2): warning C4098: 'Zad4': 'void' function returning a value
  (compiling source file 'Source.c')
  
  Lab8.vcxproj -> C:\Users\joloc\source\repos\Lab8\x64\Debug\Lab8.exe
